<?xml version="1.0" encoding="UTF-8"?>
<testsuite xmlns:xsi="http://www.w3.org/2001/XMLSchema-instance" xsi:noNamespaceSchemaLocation="https://maven.apache.org/surefire/maven-surefire-plugin/xsd/surefire-test-report.xsd" version="3.0.2" name="com.koorier.warehouse.WarehouseApplicationTests" time="7.018" tests="1" errors="0" skipped="0" failures="0">
  <properties>
[...]
</properties>
  <testcase name="contextLoads" classname="com.koorier.warehouse.WarehouseApplicationTests" time="1.416">
    <system-out><![CDATA[11:13:10.798 [main] INFO org.springframework.test.context.support.AnnotationConfigContextLoaderUtils -- Could not detect default configuration classes for test class [com.koorier.warehouse.WarehouseApplicationTests]: WarehouseApplicationTests does not declare any static, non-private, non-final, nested classes annotated with @Configuration.
11:13:10.967 [main] INFO org.springframework.boot.test.context.SpringBootTestContextBootstrapper -- Found @SpringBootConfiguration com.koorier.warehouse.WarehouseApplication for test class com.koorier.warehouse.WarehouseApplicationTests
11:13:11.359 [main] INFO org.springframework.boot.devtools.restart.RestartApplicationListener -- Restart disabled due to context in which it is running

  .   ____          _            __ _ _
 /\\ / ___'_ __ _ _(_)_ __  __ _ \ \ \ \
( ( )\___ | '_ | '_| | '_ \/ _` | \ \ \ \
 \\/  ___)| |_)| | | | | || (_| |  ) ) ) )
  '  |____| .__|_| |_|_| |_\__, | / / / /
 =========|_|==============|___/=/_/_/_/

 :: Spring Boot ::                (v3.5.6)

2025-10-21T11:13:11.919+05:30  INFO 19632 --- [warehouse] [           main] c.k.warehouse.WarehouseApplicationTests  : Starting WarehouseApplicationTests using Java 17.0.12 with PID 19632 (started by Vishal Patil in D:\Koorier-ProblemStatement\backend\warehouse-inventory-tracker)
2025-10-21T11:13:11.922+05:30  INFO 19632 --- [warehouse] [           main] c.k.warehouse.WarehouseApplicationTests  : No active profile set, falling back to 1 default profile: "default"
2025-10-21T11:13:13.998+05:30  INFO 19632 --- [warehouse] [           main] c.k.warehouse.service.WarehouseImpl      : Inventory loaded: 2 products
2025-10-21T11:13:15.883+05:30  INFO 19632 --- [warehouse] [           main] o.s.b.a.e.web.EndpointLinksResolver      : Exposing 1 endpoint beneath base path '/actuator'
2025-10-21T11:13:15.978+05:30  INFO 19632 --- [warehouse] [           main] c.k.warehouse.WarehouseApplicationTests  : Started WarehouseApplicationTests in 4.644 seconds (process running for 6.451)
]]></system-out>
  </testcase>
</testsuite>